::1 - - [07/Dec/2021:05:59:29 +0000] "GET / HTTP/1.1" 200 2536 "-" "Mozilla/5.0 (Windows NT 10.0; Win64; x64) AppleWebKit/537.36 (KHTML, like Gecko) Chrome/96.0.4664.45 Safari/537.36"
::1 - - [07/Dec/2021:05:59:29 +0000] "GET /favicon.ico HTTP/1.1" 404 150 "http://localhost:3000/" "Mozilla/5.0 (Windows NT 10.0; Win64; x64) AppleWebKit/537.36 (KHTML, like Gecko) Chrome/96.0.4664.45 Safari/537.36"
::1 - - [07/Dec/2021:13:23:10 +0000] "GET / HTTP/1.1" 200 4206 "-" "Mozilla/5.0 (Windows NT 10.0; Win64; x64) AppleWebKit/537.36 (KHTML, like Gecko) Chrome/96.0.4664.45 Safari/537.36"
::1 - - [07/Dec/2021:13:23:10 +0000] "GET /estilos.css HTTP/1.1" 404 150 "http://localhost:3000/" "Mozilla/5.0 (Windows NT 10.0; Win64; x64) AppleWebKit/537.36 (KHTML, like Gecko) Chrome/96.0.4664.45 Safari/537.36"
::1 - - [07/Dec/2021:13:23:11 +0000] "GET /estilos.css HTTP/1.1" 404 150 "http://localhost:3000/" "Mozilla/5.0 (Windows NT 10.0; Win64; x64) AppleWebKit/537.36 (KHTML, like Gecko) Chrome/96.0.4664.45 Safari/537.36"
::1 - - [07/Dec/2021:13:23:11 +0000] "GET /invernadero.json HTTP/1.1" 404 155 "http://localhost:3000/" "Mozilla/5.0 (Windows NT 10.0; Win64; x64) AppleWebKit/537.36 (KHTML, like Gecko) Chrome/96.0.4664.45 Safari/537.36"
::1 - - [07/Dec/2021:13:23:13 +0000] "GET /invernadero.json HTTP/1.1" 404 155 "http://localhost:3000/" "Mozilla/5.0 (Windows NT 10.0; Win64; x64) AppleWebKit/537.36 (KHTML, like Gecko) Chrome/96.0.4664.45 Safari/537.36"
::1 - - [07/Dec/2021:13:29:22 +0000] "GET / HTTP/1.1" 200 4227 "-" "Mozilla/5.0 (Windows NT 10.0; Win64; x64) AppleWebKit/537.36 (KHTML, like Gecko) Chrome/96.0.4664.45 Safari/537.36"
::1 - - [07/Dec/2021:13:29:22 +0000] "GET /aplicacionWeb/estilos HTTP/1.1" 200 623 "http://localhost:3000/" "Mozilla/5.0 (Windows NT 10.0; Win64; x64) AppleWebKit/537.36 (KHTML, like Gecko) Chrome/96.0.4664.45 Safari/537.36"
::1 - - [07/Dec/2021:13:29:22 +0000] "GET /aplicacionWeb/invernadero HTTP/1.1" 200 1195 "http://localhost:3000/" "Mozilla/5.0 (Windows NT 10.0; Win64; x64) AppleWebKit/537.36 (KHTML, like Gecko) Chrome/96.0.4664.45 Safari/537.36"
::1 - - [07/Dec/2021:13:29:22 +0000] "GET /aplicacionWeb/invernaderoImagen HTTP/1.1" 200 687578 "http://localhost:3000/aplicacionWeb/estilos" "Mozilla/5.0 (Windows NT 10.0; Win64; x64) AppleWebKit/537.36 (KHTML, like Gecko) Chrome/96.0.4664.45 Safari/537.36"
::1 - - [07/Dec/2021:13:29:31 +0000] "GET /aplicacionWeb/invernadero HTTP/1.1" 304 - "http://localhost:3000/" "Mozilla/5.0 (Windows NT 10.0; Win64; x64) AppleWebKit/537.36 (KHTML, like Gecko) Chrome/96.0.4664.45 Safari/537.36"
::1 - - [07/Dec/2021:13:31:40 +0000] "GET / HTTP/1.1" 200 4233 "-" "Mozilla/5.0 (Windows NT 10.0; Win64; x64) AppleWebKit/537.36 (KHTML, like Gecko) Chrome/96.0.4664.45 Safari/537.36"
::1 - - [07/Dec/2021:13:31:40 +0000] "GET /aplicacionWeb/estilos HTTP/1.1" 304 - "http://localhost:3000/" "Mozilla/5.0 (Windows NT 10.0; Win64; x64) AppleWebKit/537.36 (KHTML, like Gecko) Chrome/96.0.4664.45 Safari/537.36"
::1 - - [07/Dec/2021:13:31:40 +0000] "GET /aplicacionWeb/invernadero HTTP/1.1" 304 - "http://localhost:3000/" "Mozilla/5.0 (Windows NT 10.0; Win64; x64) AppleWebKit/537.36 (KHTML, like Gecko) Chrome/96.0.4664.45 Safari/537.36"
::1 - - [07/Dec/2021:13:31:40 +0000] "GET /aplicacionWeb/invernaderoImagen HTTP/1.1" 304 - "http://localhost:3000/aplicacionWeb/estilos" "Mozilla/5.0 (Windows NT 10.0; Win64; x64) AppleWebKit/537.36 (KHTML, like Gecko) Chrome/96.0.4664.45 Safari/537.36"
::1 - - [07/Dec/2021:16:45:28 +0000] "GET / HTTP/1.1" 200 4407 "-" "Mozilla/5.0 (Windows NT 10.0; Win64; x64) AppleWebKit/537.36 (KHTML, like Gecko) Chrome/96.0.4664.45 Safari/537.36"
::1 - - [07/Dec/2021:16:45:28 +0000] "GET /aplicacionWeb/estilos HTTP/1.1" 304 - "http://localhost:3000/" "Mozilla/5.0 (Windows NT 10.0; Win64; x64) AppleWebKit/537.36 (KHTML, like Gecko) Chrome/96.0.4664.45 Safari/537.36"
::1 - - [07/Dec/2021:16:45:28 +0000] "GET /aplicacionWeb/invernadero HTTP/1.1" 304 - "http://localhost:3000/" "Mozilla/5.0 (Windows NT 10.0; Win64; x64) AppleWebKit/537.36 (KHTML, like Gecko) Chrome/96.0.4664.45 Safari/537.36"
::1 - - [07/Dec/2021:16:45:28 +0000] "GET /aplicacionWeb/invernaderoImagen HTTP/1.1" 304 - "http://localhost:3000/aplicacionWeb/estilos" "Mozilla/5.0 (Windows NT 10.0; Win64; x64) AppleWebKit/537.36 (KHTML, like Gecko) Chrome/96.0.4664.45 Safari/537.36"
::1 - - [08/Dec/2021:19:22:59 +0000] "GET / HTTP/1.1" 200 4622 "-" "Mozilla/5.0 (Windows NT 10.0; Win64; x64) AppleWebKit/537.36 (KHTML, like Gecko) Chrome/96.0.4664.45 Safari/537.36"
::1 - - [08/Dec/2021:19:22:59 +0000] "GET /aplicacionWeb/estilos HTTP/1.1" 304 - "http://localhost:3000/" "Mozilla/5.0 (Windows NT 10.0; Win64; x64) AppleWebKit/537.36 (KHTML, like Gecko) Chrome/96.0.4664.45 Safari/537.36"
::1 - - [08/Dec/2021:19:22:59 +0000] "GET /aplicacionWeb/invernaderoImagen HTTP/1.1" 304 - "http://localhost:3000/aplicacionWeb/estilos" "Mozilla/5.0 (Windows NT 10.0; Win64; x64) AppleWebKit/537.36 (KHTML, like Gecko) Chrome/96.0.4664.45 Safari/537.36"
::1 - - [08/Dec/2021:19:22:59 +0000] "GET /invernaderos HTTP/1.1" 200 667 "http://localhost:3000/" "Mozilla/5.0 (Windows NT 10.0; Win64; x64) AppleWebKit/537.36 (KHTML, like Gecko) Chrome/96.0.4664.45 Safari/537.36"
::1 - - [08/Dec/2021:19:23:01 +0000] "GET /invernaderos HTTP/1.1" 304 - "http://localhost:3000/" "Mozilla/5.0 (Windows NT 10.0; Win64; x64) AppleWebKit/537.36 (KHTML, like Gecko) Chrome/96.0.4664.45 Safari/537.36"
::1 - - [08/Dec/2021:19:23:04 +0000] "GET / HTTP/1.1" 304 - "-" "Mozilla/5.0 (Windows NT 10.0; Win64; x64) AppleWebKit/537.36 (KHTML, like Gecko) Chrome/96.0.4664.45 Safari/537.36"
::1 - - [08/Dec/2021:19:23:04 +0000] "GET /aplicacionWeb/estilos HTTP/1.1" 304 - "http://localhost:3000/" "Mozilla/5.0 (Windows NT 10.0; Win64; x64) AppleWebKit/537.36 (KHTML, like Gecko) Chrome/96.0.4664.45 Safari/537.36"
::1 - - [08/Dec/2021:19:23:04 +0000] "GET /invernaderos HTTP/1.1" 304 - "http://localhost:3000/" "Mozilla/5.0 (Windows NT 10.0; Win64; x64) AppleWebKit/537.36 (KHTML, like Gecko) Chrome/96.0.4664.45 Safari/537.36"
::1 - - [08/Dec/2021:19:23:46 +0000] "GET / HTTP/1.1" 200 4626 "-" "Mozilla/5.0 (Windows NT 10.0; Win64; x64) AppleWebKit/537.36 (KHTML, like Gecko) Chrome/96.0.4664.45 Safari/537.36"
::1 - - [08/Dec/2021:19:23:46 +0000] "GET /aplicacionWeb/estilos HTTP/1.1" 304 - "http://localhost:3000/" "Mozilla/5.0 (Windows NT 10.0; Win64; x64) AppleWebKit/537.36 (KHTML, like Gecko) Chrome/96.0.4664.45 Safari/537.36"
::1 - - [08/Dec/2021:19:23:46 +0000] "GET /invernaderos HTTP/1.1" 304 - "http://localhost:3000/" "Mozilla/5.0 (Windows NT 10.0; Win64; x64) AppleWebKit/537.36 (KHTML, like Gecko) Chrome/96.0.4664.45 Safari/537.36"
::1 - - [08/Dec/2021:19:23:56 +0000] "GET /invernaderos HTTP/1.1" 304 - "http://localhost:3000/" "Mozilla/5.0 (Windows NT 10.0; Win64; x64) AppleWebKit/537.36 (KHTML, like Gecko) Chrome/96.0.4664.45 Safari/537.36"
::1 - - [08/Dec/2021:19:24:12 +0000] "GET /aplicacionWeb/estilos HTTP/1.1" 304 - "http://localhost:3000/" "Mozilla/5.0 (Windows NT 10.0; Win64; x64) AppleWebKit/537.36 (KHTML, like Gecko) Chrome/96.0.4664.45 Safari/537.36"
::1 - - [08/Dec/2021:19:27:09 +0000] "GET /invernaderos HTTP/1.1" 200 359 "http://localhost:3000/" "Mozilla/5.0 (Windows NT 10.0; Win64; x64) AppleWebKit/537.36 (KHTML, like Gecko) Chrome/96.0.4664.45 Safari/537.36"
::1 - - [08/Dec/2021:19:27:49 +0000] "GET / HTTP/1.1" 304 - "-" "Mozilla/5.0 (Windows NT 10.0; Win64; x64) AppleWebKit/537.36 (KHTML, like Gecko) Chrome/96.0.4664.45 Safari/537.36"
::1 - - [08/Dec/2021:19:27:49 +0000] "GET /aplicacionWeb/estilos HTTP/1.1" 304 - "http://localhost:3000/" "Mozilla/5.0 (Windows NT 10.0; Win64; x64) AppleWebKit/537.36 (KHTML, like Gecko) Chrome/96.0.4664.45 Safari/537.36"
::1 - - [08/Dec/2021:19:27:49 +0000] "GET /aplicacionWeb/invernaderoImagen HTTP/1.1" 304 - "http://localhost:3000/aplicacionWeb/estilos" "Mozilla/5.0 (Windows NT 10.0; Win64; x64) AppleWebKit/537.36 (KHTML, like Gecko) Chrome/96.0.4664.45 Safari/537.36"
::1 - - [08/Dec/2021:19:27:49 +0000] "GET /invernaderos HTTP/1.1" 304 - "http://localhost:3000/" "Mozilla/5.0 (Windows NT 10.0; Win64; x64) AppleWebKit/537.36 (KHTML, like Gecko) Chrome/96.0.4664.45 Safari/537.36"
::1 - - [08/Dec/2021:19:30:46 +0000] "GET /invernaderos HTTP/1.1" 304 - "http://localhost:3000/" "Mozilla/5.0 (Windows NT 10.0; Win64; x64) AppleWebKit/537.36 (KHTML, like Gecko) Chrome/96.0.4664.45 Safari/537.36"
::1 - - [08/Dec/2021:19:31:08 +0000] "GET / HTTP/1.1" 200 4646 "-" "Mozilla/5.0 (Windows NT 10.0; Win64; x64) AppleWebKit/537.36 (KHTML, like Gecko) Chrome/96.0.4664.45 Safari/537.36"
::1 - - [08/Dec/2021:19:31:08 +0000] "GET /aplicacionWeb/estilos HTTP/1.1" 304 - "http://localhost:3000/" "Mozilla/5.0 (Windows NT 10.0; Win64; x64) AppleWebKit/537.36 (KHTML, like Gecko) Chrome/96.0.4664.45 Safari/537.36"
::1 - - [08/Dec/2021:19:31:08 +0000] "GET /aplicacionWeb/invernaderoImagen HTTP/1.1" 304 - "http://localhost:3000/aplicacionWeb/estilos" "Mozilla/5.0 (Windows NT 10.0; Win64; x64) AppleWebKit/537.36 (KHTML, like Gecko) Chrome/96.0.4664.45 Safari/537.36"
::1 - - [08/Dec/2021:19:31:08 +0000] "GET /invernaderos HTTP/1.1" 304 - "http://localhost:3000/" "Mozilla/5.0 (Windows NT 10.0; Win64; x64) AppleWebKit/537.36 (KHTML, like Gecko) Chrome/96.0.4664.45 Safari/537.36"
::1 - - [08/Dec/2021:19:32:18 +0000] "GET / HTTP/1.1" 200 4648 "-" "Mozilla/5.0 (Windows NT 10.0; Win64; x64) AppleWebKit/537.36 (KHTML, like Gecko) Chrome/96.0.4664.45 Safari/537.36"
::1 - - [08/Dec/2021:19:32:18 +0000] "GET /aplicacionWeb/estilos HTTP/1.1" 304 - "http://localhost:3000/" "Mozilla/5.0 (Windows NT 10.0; Win64; x64) AppleWebKit/537.36 (KHTML, like Gecko) Chrome/96.0.4664.45 Safari/537.36"
::1 - - [08/Dec/2021:19:32:19 +0000] "GET /aplicacionWeb/invernaderoImagen HTTP/1.1" 304 - "http://localhost:3000/aplicacionWeb/estilos" "Mozilla/5.0 (Windows NT 10.0; Win64; x64) AppleWebKit/537.36 (KHTML, like Gecko) Chrome/96.0.4664.45 Safari/537.36"
::1 - - [08/Dec/2021:19:32:19 +0000] "GET /invernaderos HTTP/1.1" 304 - "http://localhost:3000/" "Mozilla/5.0 (Windows NT 10.0; Win64; x64) AppleWebKit/537.36 (KHTML, like Gecko) Chrome/96.0.4664.45 Safari/537.36"
::1 - - [08/Dec/2021:19:34:13 +0000] "GET /invernaderos HTTP/1.1" 200 343 "http://localhost:3000/" "Mozilla/5.0 (Windows NT 10.0; Win64; x64) AppleWebKit/537.36 (KHTML, like Gecko) Chrome/96.0.4664.45 Safari/537.36"
::1 - - [08/Dec/2021:19:34:18 +0000] "GET / HTTP/1.1" 304 - "-" "Mozilla/5.0 (Windows NT 10.0; Win64; x64) AppleWebKit/537.36 (KHTML, like Gecko) Chrome/96.0.4664.45 Safari/537.36"
::1 - - [08/Dec/2021:19:34:18 +0000] "GET /aplicacionWeb/estilos HTTP/1.1" 304 - "http://localhost:3000/" "Mozilla/5.0 (Windows NT 10.0; Win64; x64) AppleWebKit/537.36 (KHTML, like Gecko) Chrome/96.0.4664.45 Safari/537.36"
::1 - - [08/Dec/2021:19:34:18 +0000] "GET /aplicacionWeb/invernaderoImagen HTTP/1.1" 304 - "http://localhost:3000/aplicacionWeb/estilos" "Mozilla/5.0 (Windows NT 10.0; Win64; x64) AppleWebKit/537.36 (KHTML, like Gecko) Chrome/96.0.4664.45 Safari/537.36"
::1 - - [08/Dec/2021:19:34:18 +0000] "GET /invernaderos HTTP/1.1" 304 - "http://localhost:3000/" "Mozilla/5.0 (Windows NT 10.0; Win64; x64) AppleWebKit/537.36 (KHTML, like Gecko) Chrome/96.0.4664.45 Safari/537.36"
::1 - - [08/Dec/2021:19:46:46 +0000] "GET /invernaderos HTTP/1.1" 200 359 "http://localhost:3000/" "Mozilla/5.0 (Windows NT 10.0; Win64; x64) AppleWebKit/537.36 (KHTML, like Gecko) Chrome/96.0.4664.45 Safari/537.36"
::1 - - [08/Dec/2021:19:46:53 +0000] "GET / HTTP/1.1" 304 - "-" "Mozilla/5.0 (Windows NT 10.0; Win64; x64) AppleWebKit/537.36 (KHTML, like Gecko) Chrome/96.0.4664.45 Safari/537.36"
::1 - - [08/Dec/2021:19:46:53 +0000] "GET /aplicacionWeb/estilos HTTP/1.1" 304 - "http://localhost:3000/" "Mozilla/5.0 (Windows NT 10.0; Win64; x64) AppleWebKit/537.36 (KHTML, like Gecko) Chrome/96.0.4664.45 Safari/537.36"
::1 - - [08/Dec/2021:19:46:53 +0000] "GET /aplicacionWeb/invernaderoImagen HTTP/1.1" 304 - "http://localhost:3000/aplicacionWeb/estilos" "Mozilla/5.0 (Windows NT 10.0; Win64; x64) AppleWebKit/537.36 (KHTML, like Gecko) Chrome/96.0.4664.45 Safari/537.36"
::1 - - [08/Dec/2021:19:46:53 +0000] "GET /invernaderos HTTP/1.1" 304 - "http://localhost:3000/" "Mozilla/5.0 (Windows NT 10.0; Win64; x64) AppleWebKit/537.36 (KHTML, like Gecko) Chrome/96.0.4664.45 Safari/537.36"
::1 - - [08/Dec/2021:19:49:32 +0000] "GET / HTTP/1.1" 200 4654 "-" "Mozilla/5.0 (Windows NT 10.0; Win64; x64) AppleWebKit/537.36 (KHTML, like Gecko) Chrome/96.0.4664.45 Safari/537.36"
::1 - - [08/Dec/2021:19:49:32 +0000] "GET /aplicacionWeb/estilos HTTP/1.1" 304 - "http://localhost:3000/" "Mozilla/5.0 (Windows NT 10.0; Win64; x64) AppleWebKit/537.36 (KHTML, like Gecko) Chrome/96.0.4664.45 Safari/537.36"
::1 - - [08/Dec/2021:19:49:32 +0000] "GET /aplicacionWeb/invernaderoImagen HTTP/1.1" 304 - "http://localhost:3000/aplicacionWeb/estilos" "Mozilla/5.0 (Windows NT 10.0; Win64; x64) AppleWebKit/537.36 (KHTML, like Gecko) Chrome/96.0.4664.45 Safari/537.36"
::1 - - [08/Dec/2021:19:49:32 +0000] "GET /invernaderos HTTP/1.1" 304 - "http://localhost:3000/" "Mozilla/5.0 (Windows NT 10.0; Win64; x64) AppleWebKit/537.36 (KHTML, like Gecko) Chrome/96.0.4664.45 Safari/537.36"
::1 - - [08/Dec/2021:19:49:35 +0000] "GET / HTTP/1.1" 304 - "http://localhost:3000/" "Mozilla/5.0 (Windows NT 10.0; Win64; x64) AppleWebKit/537.36 (KHTML, like Gecko) Chrome/96.0.4664.45 Safari/537.36"
::1 - - [08/Dec/2021:19:49:35 +0000] "GET /aplicacionWeb/estilos HTTP/1.1" 304 - "http://localhost:3000/" "Mozilla/5.0 (Windows NT 10.0; Win64; x64) AppleWebKit/537.36 (KHTML, like Gecko) Chrome/96.0.4664.45 Safari/537.36"
::1 - - [08/Dec/2021:19:49:35 +0000] "GET /aplicacionWeb/invernaderoImagen HTTP/1.1" 304 - "http://localhost:3000/aplicacionWeb/estilos" "Mozilla/5.0 (Windows NT 10.0; Win64; x64) AppleWebKit/537.36 (KHTML, like Gecko) Chrome/96.0.4664.45 Safari/537.36"
::1 - - [08/Dec/2021:19:49:35 +0000] "GET /invernaderos HTTP/1.1" 304 - "http://localhost:3000/" "Mozilla/5.0 (Windows NT 10.0; Win64; x64) AppleWebKit/537.36 (KHTML, like Gecko) Chrome/96.0.4664.45 Safari/537.36"
::1 - - [08/Dec/2021:20:15:28 +0000] "GET / HTTP/1.1" 304 - "http://localhost:3000/" "Mozilla/5.0 (Windows NT 10.0; Win64; x64) AppleWebKit/537.36 (KHTML, like Gecko) Chrome/96.0.4664.45 Safari/537.36"
::1 - - [08/Dec/2021:20:15:28 +0000] "GET /aplicacionWeb/estilos HTTP/1.1" 304 - "http://localhost:3000/" "Mozilla/5.0 (Windows NT 10.0; Win64; x64) AppleWebKit/537.36 (KHTML, like Gecko) Chrome/96.0.4664.45 Safari/537.36"
::1 - - [08/Dec/2021:20:15:28 +0000] "GET /aplicacionWeb/invernaderoImagen HTTP/1.1" 304 - "http://localhost:3000/aplicacionWeb/estilos" "Mozilla/5.0 (Windows NT 10.0; Win64; x64) AppleWebKit/537.36 (KHTML, like Gecko) Chrome/96.0.4664.45 Safari/537.36"
::1 - - [08/Dec/2021:20:15:28 +0000] "GET /invernaderos HTTP/1.1" 304 - "http://localhost:3000/" "Mozilla/5.0 (Windows NT 10.0; Win64; x64) AppleWebKit/537.36 (KHTML, like Gecko) Chrome/96.0.4664.45 Safari/537.36"
::1 - - [08/Dec/2021:20:15:45 +0000] "GET /aplicacionWeb/estilos HTTP/1.1" 304 - "http://localhost:3000/" "Mozilla/5.0 (Windows NT 10.0; Win64; x64) AppleWebKit/537.36 (KHTML, like Gecko) Chrome/96.0.4664.45 Safari/537.36"
